# JRE version: Java(TM) SE Runtime Environment (8.0_261-b12) (build 1.8.0_261-b12)
# Java VM: Java HotSpot(TM) 64-Bit Server VM (25.261-b12 mixed mode windows-amd64 compressed oops)
Heap:
 PSYoungGen      total 141824K, used 84141K [0x00000000d5a00000, 0x00000000def00000, 0x0000000100000000)
  eden space 132608K, 63% used [0x00000000d5a00000,0x00000000dac2b700,0x00000000ddb80000)
  from space 9216K, 0% used [0x00000000de500000,0x00000000de500000,0x00000000dee00000)
  to   space 9728K, 0% used [0x00000000ddb80000,0x00000000ddb80000,0x00000000de500000)
 ParOldGen       total 56320K, used 8347K [0x0000000080e00000, 0x0000000084500000, 0x00000000d5a00000)
  object space 56320K, 14% used [0x0000000080e00000,0x0000000081626fa0,0x0000000084500000)
 Metaspace       used 26385K, capacity 27586K, committed 27648K, reserved 1073152K
  class space    used 3295K, capacity 3525K, committed 3584K, reserved 1048576K
GC Heap History (10 events):
Event: 2.503 GC heap before
{Heap before GC invocations=3 (full 0):
 PSYoungGen      total 38400K, used 38395K [0x00000000d5a00000, 0x00000000da500000, 0x0000000100000000)
  eden space 33280K, 100% used [0x00000000d5a00000,0x00000000d7a80000,0x00000000d7a80000)
  from space 5120K, 99% used [0x00000000d7f80000,0x00000000d847ef80,0x00000000d8480000)
  to   space 5120K, 0% used [0x00000000d7a80000,0x00000000d7a80000,0x00000000d7f80000)
 ParOldGen       total 87552K, used 505K [0x0000000080e00000, 0x0000000086380000, 0x00000000d5a00000)
  object space 87552K, 0% used [0x0000000080e00000,0x0000000080e7e490,0x0000000086380000)
 Metaspace       used 16422K, capacity 16982K, committed 17024K, reserved 1064960K
  class space    used 2013K, capacity 2169K, committed 2176K, reserved 1048576K
Event: 2.515 GC heap after
Heap after GC invocations=3 (full 0):
 PSYoungGen      total 38400K, used 5112K [0x00000000d5a00000, 0x00000000da500000, 0x0000000100000000)
  eden space 33280K, 0% used [0x00000000d5a00000,0x00000000d5a00000,0x00000000d7a80000)
  from space 5120K, 99% used [0x00000000d7a80000,0x00000000d7f7e050,0x00000000d7f80000)
  to   space 5120K, 0% used [0x00000000da000000,0x00000000da000000,0x00000000da500000)
 ParOldGen       total 87552K, used 2024K [0x0000000080e00000, 0x0000000086380000, 0x00000000d5a00000)
  object space 87552K, 2% used [0x0000000080e00000,0x0000000080ffa358,0x0000000086380000)
 Metaspace       used 16422K, capacity 16982K, committed 17024K, reserved 1064960K
  class space    used 2013K, capacity 2169K, committed 2176K, reserved 1048576K
}
Event: 3.254 GC heap before
{Heap before GC invocations=4 (full 0):
 PSYoungGen      total 38400K, used 38357K [0x00000000d5a00000, 0x00000000da500000, 0x0000000100000000)
  eden space 33280K, 99% used [0x00000000d5a00000,0x00000000d7a77558,0x00000000d7a80000)
  from space 5120K, 99% used [0x00000000d7a80000,0x00000000d7f7e050,0x00000000d7f80000)
  to   space 5120K, 0% used [0x00000000da000000,0x00000000da000000,0x00000000da500000)
 ParOldGen       total 87552K, used 2024K [0x0000000080e00000, 0x0000000086380000, 0x00000000d5a00000)
  object space 87552K, 2% used [0x0000000080e00000,0x0000000080ffa358,0x0000000086380000)
 Metaspace       used 18590K, capacity 19278K, committed 19456K, reserved 1067008K
  class space    used 2294K, capacity 2445K, committed 2560K, reserved 1048576K
Event: 3.271 GC heap after
Heap after GC invocations=4 (full 0):
 PSYoungGen      total 71680K, used 5115K [0x00000000d5a00000, 0x00000000da500000, 0x0000000100000000)
  eden space 66560K, 0% used [0x00000000d5a00000,0x00000000d5a00000,0x00000000d9b00000)
  from space 5120K, 99% used [0x00000000da000000,0x00000000da4fed00,0x00000000da500000)
  to   space 5120K, 0% used [0x00000000d9b00000,0x00000000d9b00000,0x00000000da000000)
 ParOldGen       total 87552K, used 2324K [0x0000000080e00000, 0x0000000086380000, 0x00000000d5a00000)
  object space 87552K, 2% used [0x0000000080e00000,0x0000000081045148,0x0000000086380000)
 Metaspace       used 18590K, capacity 19278K, committed 19456K, reserved 1067008K
  class space    used 2294K, capacity 2445K, committed 2560K, reserved 1048576K
}
Event: 4.176 GC heap before
{Heap before GC invocations=5 (full 0):
 PSYoungGen      total 71680K, used 71675K [0x00000000d5a00000, 0x00000000da500000, 0x0000000100000000)
  eden space 66560K, 100% used [0x00000000d5a00000,0x00000000d9b00000,0x00000000d9b00000)
  from space 5120K, 99% used [0x00000000da000000,0x00000000da4fed00,0x00000000da500000)
  to   space 5120K, 0% used [0x00000000d9b00000,0x00000000d9b00000,0x00000000da000000)
 ParOldGen       total 87552K, used 2324K [0x0000000080e00000, 0x0000000086380000, 0x00000000d5a00000)
  object space 87552K, 2% used [0x0000000080e00000,0x0000000081045148,0x0000000086380000)
 Metaspace       used 20249K, capacity 21020K, committed 21120K, reserved 1067008K
  class space    used 2468K, capacity 2682K, committed 2688K, reserved 1048576K
Event: 4.189 GC heap after
Heap after GC invocations=5 (full 0):
 PSYoungGen      total 71680K, used 5105K [0x00000000d5a00000, 0x00000000dee00000, 0x0000000100000000)
  eden space 66560K, 0% used [0x00000000d5a00000,0x00000000d5a00000,0x00000000d9b00000)
  from space 5120K, 99% used [0x00000000d9b00000,0x00000000d9ffc628,0x00000000da000000)
  to   space 9216K, 0% used [0x00000000de500000,0x00000000de500000,0x00000000dee00000)
 ParOldGen       total 87552K, used 6316K [0x0000000080e00000, 0x0000000086380000, 0x00000000d5a00000)
  object space 87552K, 7% used [0x0000000080e00000,0x000000008142b0d8,0x0000000086380000)
 Metaspace       used 20249K, capacity 21020K, committed 21120K, reserved 1067008K
  class space    used 2468K, capacity 2682K, committed 2688K, reserved 1048576K
}
Event: 4.446 GC heap before
{Heap before GC invocations=6 (full 0):
 PSYoungGen      total 71680K, used 31333K [0x00000000d5a00000, 0x00000000dee00000, 0x0000000100000000)
  eden space 66560K, 39% used [0x00000000d5a00000,0x00000000d739cee8,0x00000000d9b00000)
  from space 5120K, 99% used [0x00000000d9b00000,0x00000000d9ffc628,0x00000000da000000)
  to   space 9216K, 0% used [0x00000000de500000,0x00000000de500000,0x00000000dee00000)
 ParOldGen       total 87552K, used 6316K [0x0000000080e00000, 0x0000000086380000, 0x00000000d5a00000)
  object space 87552K, 7% used [0x0000000080e00000,0x000000008142b0d8,0x0000000086380000)
 Metaspace       used 20481K, capacity 21244K, committed 21296K, reserved 1069056K
  class space    used 2491K, capacity 2686K, committed 2688K, reserved 1048576K
Event: 4.455 GC heap after
Heap after GC invocations=6 (full 0):
 PSYoungGen      total 141824K, used 7613K [0x00000000d5a00000, 0x00000000def00000, 0x0000000100000000)
  eden space 132608K, 0% used [0x00000000d5a00000,0x00000000d5a00000,0x00000000ddb80000)
  from space 9216K, 82% used [0x00000000de500000,0x00000000dec6f678,0x00000000dee00000)
  to   space 9728K, 0% used [0x00000000ddb80000,0x00000000ddb80000,0x00000000de500000)
 ParOldGen       total 87552K, used 6324K [0x0000000080e00000, 0x0000000086380000, 0x00000000d5a00000)
  object space 87552K, 7% used [0x0000000080e00000,0x000000008142d0d8,0x0000000086380000)
 Metaspace       used 20481K, capacity 21244K, committed 21296K, reserved 1069056K
  class space    used 2491K, capacity 2686K, committed 2688K, reserved 1048576K
}
Event: 4.455 GC heap before
{Heap before GC invocations=7 (full 1):
 PSYoungGen      total 141824K, used 7613K [0x00000000d5a00000, 0x00000000def00000, 0x0000000100000000)
  eden space 132608K, 0% used [0x00000000d5a00000,0x00000000d5a00000,0x00000000ddb80000)
  from space 9216K, 82% used [0x00000000de500000,0x00000000dec6f678,0x00000000dee00000)
  to   space 9728K, 0% used [0x00000000ddb80000,0x00000000ddb80000,0x00000000de500000)
 ParOldGen       total 87552K, used 6324K [0x0000000080e00000, 0x0000000086380000, 0x00000000d5a00000)
  object space 87552K, 7% used [0x0000000080e00000,0x000000008142d0d8,0x0000000086380000)
 Metaspace       used 20481K, capacity 21244K, committed 21296K, reserved 1069056K
  class space    used 2491K, capacity 2686K, committed 2688K, reserved 1048576K
Event: 4.497 GC heap after
Heap after GC invocations=7 (full 1):
 PSYoungGen      total 141824K, used 0K [0x00000000d5a00000, 0x00000000def00000, 0x0000000100000000)
  eden space 132608K, 0% used [0x00000000d5a00000,0x00000000d5a00000,0x00000000ddb80000)
  from space 9216K, 0% used [0x00000000de500000,0x00000000de500000,0x00000000dee00000)
  to   space 9728K, 0% used [0x00000000ddb80000,0x00000000ddb80000,0x00000000de500000)
 ParOldGen       total 56320K, used 8347K [0x0000000080e00000, 0x0000000084500000, 0x00000000d5a00000)
  object space 56320K, 14% used [0x0000000080e00000,0x0000000081626fa0,0x0000000084500000)
 Metaspace       used 20481K, capacity 21244K, committed 21296K, reserved 1069056K
  class space    used 2491K, capacity 2686K, committed 2688K, reserved 1048576K
}

