# JRE version: Java(TM) SE Runtime Environment (8.0_261-b12) (build 1.8.0_261-b12)
# Java VM: Java HotSpot(TM) 64-Bit Server VM (25.261-b12 mixed mode windows-amd64 compressed oops)
Heap:
 PSYoungGen      total 231424K, used 195389K [0x00000000d5a00000, 0x00000000e4980000, 0x0000000100000000)
  eden space 220672K, 88% used [0x00000000d5a00000,0x00000000e18cf698,0x00000000e3180000)
  from space 10752K, 0% used [0x00000000e3f00000,0x00000000e3f00000,0x00000000e4980000)
  to   space 12288K, 0% used [0x00000000e3180000,0x00000000e3180000,0x00000000e3d80000)
 ParOldGen       total 81408K, used 14877K [0x0000000080e00000, 0x0000000085d80000, 0x00000000d5a00000)
  object space 81408K, 18% used [0x0000000080e00000,0x0000000081c87400,0x0000000085d80000)
 Metaspace       used 49326K, capacity 51824K, committed 51968K, reserved 1093632K
  class space    used 6427K, capacity 6852K, committed 6912K, reserved 1048576K
GC Heap History (10 events):
Event: 4.678 GC heap before
{Heap before GC invocations=6 (full 0):
 PSYoungGen      total 71680K, used 31272K [0x00000000d5a00000, 0x00000000def00000, 0x0000000100000000)
  eden space 66560K, 39% used [0x00000000d5a00000,0x00000000d738db38,0x00000000d9b00000)
  from space 5120K, 99% used [0x00000000d9b00000,0x00000000d9ffc648,0x00000000da000000)
  to   space 9728K, 0% used [0x00000000de580000,0x00000000de580000,0x00000000def00000)
 ParOldGen       total 87552K, used 6468K [0x0000000080e00000, 0x0000000086380000, 0x00000000d5a00000)
  object space 87552K, 7% used [0x0000000080e00000,0x00000000814511a0,0x0000000086380000)
 Metaspace       used 20504K, capacity 21256K, committed 21296K, reserved 1069056K
  class space    used 2490K, capacity 2686K, committed 2688K, reserved 1048576K
Event: 4.691 GC heap after
Heap after GC invocations=6 (full 0):
 PSYoungGen      total 142848K, used 7636K [0x00000000d5a00000, 0x00000000def00000, 0x0000000100000000)
  eden space 133120K, 0% used [0x00000000d5a00000,0x00000000d5a00000,0x00000000ddc00000)
  from space 9728K, 78% used [0x00000000de580000,0x00000000decf5288,0x00000000def00000)
  to   space 9728K, 0% used [0x00000000ddc00000,0x00000000ddc00000,0x00000000de580000)
 ParOldGen       total 87552K, used 6476K [0x0000000080e00000, 0x0000000086380000, 0x00000000d5a00000)
  object space 87552K, 7% used [0x0000000080e00000,0x00000000814531a0,0x0000000086380000)
 Metaspace       used 20504K, capacity 21256K, committed 21296K, reserved 1069056K
  class space    used 2490K, capacity 2686K, committed 2688K, reserved 1048576K
}
Event: 4.691 GC heap before
{Heap before GC invocations=7 (full 1):
 PSYoungGen      total 142848K, used 7636K [0x00000000d5a00000, 0x00000000def00000, 0x0000000100000000)
  eden space 133120K, 0% used [0x00000000d5a00000,0x00000000d5a00000,0x00000000ddc00000)
  from space 9728K, 78% used [0x00000000de580000,0x00000000decf5288,0x00000000def00000)
  to   space 9728K, 0% used [0x00000000ddc00000,0x00000000ddc00000,0x00000000de580000)
 ParOldGen       total 87552K, used 6476K [0x0000000080e00000, 0x0000000086380000, 0x00000000d5a00000)
  object space 87552K, 7% used [0x0000000080e00000,0x00000000814531a0,0x0000000086380000)
 Metaspace       used 20504K, capacity 21256K, committed 21296K, reserved 1069056K
  class space    used 2490K, capacity 2686K, committed 2688K, reserved 1048576K
Event: 4.733 GC heap after
Heap after GC invocations=7 (full 1):
 PSYoungGen      total 142848K, used 0K [0x00000000d5a00000, 0x00000000def00000, 0x0000000100000000)
  eden space 133120K, 0% used [0x00000000d5a00000,0x00000000d5a00000,0x00000000ddc00000)
  from space 9728K, 0% used [0x00000000de580000,0x00000000de580000,0x00000000def00000)
  to   space 9728K, 0% used [0x00000000ddc00000,0x00000000ddc00000,0x00000000de580000)
 ParOldGen       total 55296K, used 8301K [0x0000000080e00000, 0x0000000084400000, 0x00000000d5a00000)
  object space 55296K, 15% used [0x0000000080e00000,0x000000008161b518,0x0000000084400000)
 Metaspace       used 20504K, capacity 21256K, committed 21296K, reserved 1069056K
  class space    used 2490K, capacity 2686K, committed 2688K, reserved 1048576K
}
Event: 7.198 GC heap before
{Heap before GC invocations=8 (full 1):
 PSYoungGen      total 142848K, used 133120K [0x00000000d5a00000, 0x00000000def00000, 0x0000000100000000)
  eden space 133120K, 100% used [0x00000000d5a00000,0x00000000ddc00000,0x00000000ddc00000)
  from space 9728K, 0% used [0x00000000de580000,0x00000000de580000,0x00000000def00000)
  to   space 9728K, 0% used [0x00000000ddc00000,0x00000000ddc00000,0x00000000de580000)
 ParOldGen       total 55296K, used 8301K [0x0000000080e00000, 0x0000000084400000, 0x00000000d5a00000)
  object space 55296K, 15% used [0x0000000080e00000,0x000000008161b518,0x0000000084400000)
 Metaspace       used 29209K, capacity 30854K, committed 31104K, reserved 1077248K
  class space    used 3649K, capacity 3935K, committed 3968K, reserved 1048576K
Event: 7.215 GC heap after
Heap after GC invocations=8 (full 1):
 PSYoungGen      total 142848K, used 9710K [0x00000000d5a00000, 0x00000000e4b00000, 0x0000000100000000)
  eden space 133120K, 0% used [0x00000000d5a00000,0x00000000d5a00000,0x00000000ddc00000)
  from space 9728K, 99% used [0x00000000ddc00000,0x00000000de57b968,0x00000000de580000)
  to   space 12288K, 0% used [0x00000000e3f00000,0x00000000e3f00000,0x00000000e4b00000)
 ParOldGen       total 55296K, used 10251K [0x0000000080e00000, 0x0000000084400000, 0x00000000d5a00000)
  object space 55296K, 18% used [0x0000000080e00000,0x0000000081802e40,0x0000000084400000)
 Metaspace       used 29209K, capacity 30854K, committed 31104K, reserved 1077248K
  class space    used 3649K, capacity 3935K, committed 3968K, reserved 1048576K
}
Event: 8.124 GC heap before
{Heap before GC invocations=9 (full 1):
 PSYoungGen      total 142848K, used 70170K [0x00000000d5a00000, 0x00000000e4b00000, 0x0000000100000000)
  eden space 133120K, 45% used [0x00000000d5a00000,0x00000000d950b238,0x00000000ddc00000)
  from space 9728K, 99% used [0x00000000ddc00000,0x00000000de57b968,0x00000000de580000)
  to   space 12288K, 0% used [0x00000000e3f00000,0x00000000e3f00000,0x00000000e4b00000)
 ParOldGen       total 55296K, used 10251K [0x0000000080e00000, 0x0000000084400000, 0x00000000d5a00000)
  object space 55296K, 18% used [0x0000000080e00000,0x0000000081802e40,0x0000000084400000)
 Metaspace       used 33567K, capacity 35350K, committed 35496K, reserved 1081344K
  class space    used 4185K, capacity 4517K, committed 4608K, reserved 1048576K
Event: 8.137 GC heap after
Heap after GC invocations=9 (full 1):
 PSYoungGen      total 231424K, used 9159K [0x00000000d5a00000, 0x00000000e4980000, 0x0000000100000000)
  eden space 220672K, 0% used [0x00000000d5a00000,0x00000000d5a00000,0x00000000e3180000)
  from space 10752K, 85% used [0x00000000e3f00000,0x00000000e47f1dd0,0x00000000e4980000)
  to   space 12288K, 0% used [0x00000000e3180000,0x00000000e3180000,0x00000000e3d80000)
 ParOldGen       total 55296K, used 10259K [0x0000000080e00000, 0x0000000084400000, 0x00000000d5a00000)
  object space 55296K, 18% used [0x0000000080e00000,0x0000000081804e40,0x0000000084400000)
 Metaspace       used 33567K, capacity 35350K, committed 35496K, reserved 1081344K
  class space    used 4185K, capacity 4517K, committed 4608K, reserved 1048576K
}
Event: 8.137 GC heap before
{Heap before GC invocations=10 (full 2):
 PSYoungGen      total 231424K, used 9159K [0x00000000d5a00000, 0x00000000e4980000, 0x0000000100000000)
  eden space 220672K, 0% used [0x00000000d5a00000,0x00000000d5a00000,0x00000000e3180000)
  from space 10752K, 85% used [0x00000000e3f00000,0x00000000e47f1dd0,0x00000000e4980000)
  to   space 12288K, 0% used [0x00000000e3180000,0x00000000e3180000,0x00000000e3d80000)
 ParOldGen       total 55296K, used 10259K [0x0000000080e00000, 0x0000000084400000, 0x00000000d5a00000)
  object space 55296K, 18% used [0x0000000080e00000,0x0000000081804e40,0x0000000084400000)
 Metaspace       used 33567K, capacity 35350K, committed 35496K, reserved 1081344K
  class space    used 4185K, capacity 4517K, committed 4608K, reserved 1048576K
Event: 8.201 GC heap after
Heap after GC invocations=10 (full 2):
 PSYoungGen      total 231424K, used 0K [0x00000000d5a00000, 0x00000000e4980000, 0x0000000100000000)
  eden space 220672K, 0% used [0x00000000d5a00000,0x00000000d5a00000,0x00000000e3180000)
  from space 10752K, 0% used [0x00000000e3f00000,0x00000000e3f00000,0x00000000e4980000)
  to   space 12288K, 0% used [0x00000000e3180000,0x00000000e3180000,0x00000000e3d80000)
 ParOldGen       total 81408K, used 14877K [0x0000000080e00000, 0x0000000085d80000, 0x00000000d5a00000)
  object space 81408K, 18% used [0x0000000080e00000,0x0000000081c87400,0x0000000085d80000)
 Metaspace       used 33567K, capacity 35350K, committed 35496K, reserved 1081344K
  class space    used 4185K, capacity 4517K, committed 4608K, reserved 1048576K
}

